desc: --massif-out-file=massif.out
cmd: ./hello
time_unit: i
#-----------
snapshot=0
#-----------
time=0
mem_heap_B=0
mem_heap_extra_B=0
mem_stacks_B=0
heap_tree=empty
#-----------
snapshot=1
#-----------
time=143720
mem_heap_B=1024
mem_heap_extra_B=8
mem_stacks_B=0
heap_tree=empty
#-----------
snapshot=2
#-----------
time=148122
mem_heap_B=1024
mem_heap_extra_B=8
mem_stacks_B=0
heap_tree=peak
n1: 1024 (heap allocation functions) malloc/new/new[], --alloc-fns, etc.
 n1: 1024 0x48DD1B4: _IO_file_doallocate (filedoalloc.c:101)
  n1: 1024 0x48ED523: _IO_doallocbuf (genops.c:347)
   n1: 1024 0x48EAF8F: _IO_file_overflow@@GLIBC_2.2.5 (fileops.c:745)
    n1: 1024 0x48EBAAE: _IO_new_file_xsputn (fileops.c:1244)
     n1: 1024 0x48EBAAE: _IO_file_xsputn@@GLIBC_2.2.5 (fileops.c:1197)
      n1: 1024 0x48B8CC8: __printf_buffer_flush_to_file (printf_buffer_to_file.c:59)
       n1: 1024 0x48B8CC8: __printf_buffer_to_file_done (printf_buffer_to_file.c:120)
        n1: 1024 0x48C3742: __vfprintf_internal (vfprintf-internal.c:1545)
         n1: 1024 0x48B81B2: printf (printf.c:33)
          n0: 1024 0x1091FB: main (in /mnt/c/Users/jesus/OneDrive/Escritorio/EDD-Test/hello)
#-----------
snapshot=3
#-----------
time=148122
mem_heap_B=0
mem_heap_extra_B=0
mem_stacks_B=0
heap_tree=empty
